<?xml version="1.0" encoding="UTF-8"?>
<!-- Generated by org.testng.reporters.JUnitReportReporter -->
<testsuite skipped="0" hostname="W1861746" name="com.vin.parallelexecutions.TestClass1" tests="4" failures="0" timestamp="2023-06-17T17:29:01 IST" time="0.027" errors="0">
  <testcase name="testmethod4" time="0.003" classname="com.vin.parallelexecutions.TestClass1"/>
  <system-out/>
  <testcase name="testmethod2" time="0.003" classname="com.vin.parallelexecutions.TestClass1"/>
  <system-out/>
  <testcase name="testmethod1" time="0.017" classname="com.vin.parallelexecutions.TestClass1"/>
  <system-out/>
  <testcase name="testmethod3" time="0.004" classname="com.vin.parallelexecutions.TestClass1"/>
  <system-out/>
</testsuite> <!-- com.vin.parallelexecutions.TestClass1 -->
