<?xml version="1.0" encoding="UTF-8"?>
<!-- Generated by org.testng.reporters.JUnitReportReporter -->
<testsuite skipped="0" hostname="W1861746" name="com.vin.parallelexecutions.TestClass4" tests="4" failures="0" timestamp="2023-06-17T17:29:01 IST" time="0.007" errors="0">
  <testcase name="testmethod3" time="0.002" classname="com.vin.parallelexecutions.TestClass4"/>
  <system-out/>
  <testcase name="testmethod4" time="0.001" classname="com.vin.parallelexecutions.TestClass4"/>
  <system-out/>
  <testcase name="testmethod2" time="0.002" classname="com.vin.parallelexecutions.TestClass4"/>
  <system-out/>
  <testcase name="testmethod1" time="0.002" classname="com.vin.parallelexecutions.TestClass4"/>
  <system-out/>
</testsuite> <!-- com.vin.parallelexecutions.TestClass4 -->
