<?xml version="1.0" encoding="UTF-8"?>
<!-- Generated by org.testng.reporters.JUnitReportReporter -->
<testsuite skipped="0" hostname="W1861746" name="com.vin.parallelexecutions.TestClass3" tests="4" failures="0" timestamp="2023-06-17T17:29:01 IST" time="0.008" errors="0">
  <testcase name="testmethod10" time="0.002" classname="com.vin.parallelexecutions.TestClass3"/>
  <system-out/>
  <testcase name="testmethod11" time="0.003" classname="com.vin.parallelexecutions.TestClass3"/>
  <system-out/>
  <testcase name="testmethod8" time="0.001" classname="com.vin.parallelexecutions.TestClass3"/>
  <system-out/>
  <testcase name="testmethod9" time="0.002" classname="com.vin.parallelexecutions.TestClass3"/>
  <system-out/>
</testsuite> <!-- com.vin.parallelexecutions.TestClass3 -->
