<?xml version="1.0" encoding="UTF-8"?>
<!-- Generated by org.testng.reporters.JUnitReportReporter -->
<testsuite skipped="1" hostname="W1861746" name="test.day3" tests="2" failures="0" timestamp="2023-06-07T22:25:38 IST" time="0.003" errors="0">
  <testcase name="mobilesignincarloan" time="0.003" classname="test.day3"/>
  <system-out/>
  <testcase name="mobilelogincarloan" classname="test.day3">
    <skipped/>
  </testcase> <!-- mobilelogincarloan -->
  <system-out/>
</testsuite> <!-- test.day3 -->
