<?xml version="1.0" encoding="UTF-8"?>
<!-- Generated by org.testng.reporters.JUnitReportReporter -->
<testsuite skipped="0" hostname="W1861746" name="test.DP_DifferentClass" tests="9" failures="0" timestamp="2023-06-07T22:26:23 IST" time="0.026" errors="0">
  <testcase name="testlogin" time="0.012" classname="test.DP_DifferentClass"/>
  <system-out/>
  <testcase name="testlogin" time="0.001" classname="test.DP_DifferentClass"/>
  <system-out/>
  <testcase name="testlogin" time="0.001" classname="test.DP_DifferentClass"/>
  <system-out/>
  <testcase name="testlogin" time="0.002" classname="test.DP_DifferentClass"/>
  <system-out/>
  <testcase name="testlogin" time="0.002" classname="test.DP_DifferentClass"/>
  <system-out/>
  <testcase name="testlogin" time="0.003" classname="test.DP_DifferentClass"/>
  <system-out/>
  <testcase name="testlogin" time="0.002" classname="test.DP_DifferentClass"/>
  <system-out/>
  <testcase name="testlogin" time="0.002" classname="test.DP_DifferentClass"/>
  <system-out/>
  <testcase name="testlogin" time="0.001" classname="test.DP_DifferentClass"/>
  <system-out/>
</testsuite> <!-- test.DP_DifferentClass -->
