<?xml version="1.0" encoding="UTF-8"?>
<!-- Generated by org.testng.reporters.JUnitReportReporter -->
<testsuite skipped="0" hostname="W1861746" name="test.day4" tests="1" failures="0" timestamp="2023-06-07T22:25:38 IST" time="0.002" errors="0">
  <testcase name="mobileloginhomeloan" time="0.002" classname="test.day4"/>
  <system-out/>
</testsuite> <!-- test.day4 -->
