<?xml version="1.0" encoding="UTF-8"?>
<!-- Generated by org.testng.reporters.JUnitReportReporter -->
<testsuite skipped="0" hostname="W1861746" name="com.vin.parallelexecutions.TestClass2" tests="3" failures="0" timestamp="2023-06-17T17:29:01 IST" time="0.024" errors="0">
  <testcase name="testmethod5" time="0.017" classname="com.vin.parallelexecutions.TestClass2"/>
  <system-out/>
  <testcase name="testmethod6" time="0.003" classname="com.vin.parallelexecutions.TestClass2"/>
  <system-out/>
  <testcase name="testmethod7" time="0.004" classname="com.vin.parallelexecutions.TestClass2"/>
  <system-out/>
</testsuite> <!-- com.vin.parallelexecutions.TestClass2 -->
